Copyright 1986-2022 Xilinx, Inc. All Rights Reserved.
---------------------------------------------------------------------------------------
| Tool Version : Vivado v.2022.1 (win64) Build 3526262 Mon Apr 18 15:48:16 MDT 2022
| Date         : Fri Nov 25 22:03:28 2022
| Host         : PowerPC running 64-bit major release  (build 9200)
| Command      : report_control_sets -verbose -file vga_phase3_control_sets_placed.rpt
| Design       : vga_phase3
| Device       : xc7a100t
---------------------------------------------------------------------------------------

Control Set Information

Table of Contents
-----------------
1. Summary
2. Histogram
3. Flip-Flop Distribution
4. Detailed Control Set Information

1. Summary
----------

+----------------------------------------------------------+-------+
|                          Status                          | Count |
+----------------------------------------------------------+-------+
| Total control sets                                       |     7 |
|    Minimum number of control sets                        |     7 |
|    Addition due to synthesis replication                 |     0 |
|    Addition due to physical synthesis replication        |     0 |
| Unused register locations in slices containing registers |    36 |
+----------------------------------------------------------+-------+
* Control sets can be merged at opt_design using control_set_merge or merge_equivalent_drivers
** Run report_qor_suggestions for automated merging and remapping suggestions


2. Histogram
------------

+--------------------+-------+
|       Fanout       | Count |
+--------------------+-------+
| Total control sets |     7 |
| >= 0 to < 4        |     2 |
| >= 4 to < 6        |     0 |
| >= 6 to < 8        |     0 |
| >= 8 to < 10       |     0 |
| >= 10 to < 12      |     3 |
| >= 12 to < 14      |     1 |
| >= 14 to < 16      |     0 |
| >= 16              |     1 |
+--------------------+-------+
* Control sets can be remapped at either synth_design or opt_design


3. Flip-Flop Distribution
-------------------------

+--------------+-----------------------+------------------------+-----------------+--------------+
| Clock Enable | Synchronous Set/Reset | Asynchronous Set/Reset | Total Registers | Total Slices |
+--------------+-----------------------+------------------------+-----------------+--------------+
| No           | No                    | No                     |              23 |           16 |
| No           | No                    | Yes                    |              23 |            7 |
| No           | Yes                   | No                     |              22 |            5 |
| Yes          | No                    | No                     |               0 |            0 |
| Yes          | No                    | Yes                    |               0 |            0 |
| Yes          | Yes                   | No                     |               0 |            0 |
+--------------+-----------------------+------------------------+-----------------+--------------+


4. Detailed Control Set Information
-----------------------------------

+----------------------+---------------+-------------------------------+------------------+----------------+--------------+
|     Clock Signal     | Enable Signal |        Set/Reset Signal       | Slice Load Count | Bel Load Count | Bels / Slice |
+----------------------+---------------+-------------------------------+------------------+----------------+--------------+
|  hs/CLK              |               |                               |                1 |              1 |         1.00 |
| ~clk_inst/inst/clk40 |               |                               |                1 |              1 |         1.00 |
|  hs/CLK              |               | vs/count[10]_i_2__0_n_0       |                4 |             11 |         2.75 |
| ~hs/CLK              |               | vs/pixel_index[10]_i_1__0_n_0 |                2 |             11 |         5.50 |
| ~clk_inst/inst/clk40 |               | hs/pixel_index[10]_i_1_n_0    |                3 |             11 |         3.67 |
|  clk_inst/inst/clk40 |               | hs/clear                      |                3 |             12 |         4.00 |
|  clk_inst/inst/clk40 |               |                               |               14 |             22 |         1.57 |
+----------------------+---------------+-------------------------------+------------------+----------------+--------------+


