Copyright 1986-2022 Xilinx, Inc. All Rights Reserved.
---------------------------------------------------------------------------------------
| Tool Version : Vivado v.2022.1 (win64) Build 3526262 Mon Apr 18 15:48:16 MDT 2022
| Date         : Mon Nov  7 22:29:36 2022
| Host         : PowerPC running 64-bit major release  (build 9200)
| Command      : report_control_sets -verbose -file vga_phase1_control_sets_placed.rpt
| Design       : vga_phase1
| Device       : xc7a100t
---------------------------------------------------------------------------------------

Control Set Information

Table of Contents
-----------------
1. Summary
2. Histogram
3. Flip-Flop Distribution
4. Detailed Control Set Information

1. Summary
----------

+----------------------------------------------------------+-------+
|                          Status                          | Count |
+----------------------------------------------------------+-------+
| Total control sets                                       |     5 |
|    Minimum number of control sets                        |     5 |
|    Addition due to synthesis replication                 |     0 |
|    Addition due to physical synthesis replication        |     0 |
| Unused register locations in slices containing registers |    31 |
+----------------------------------------------------------+-------+
* Control sets can be merged at opt_design using control_set_merge or merge_equivalent_drivers
** Run report_qor_suggestions for automated merging and remapping suggestions


2. Histogram
------------

+--------------------+-------+
|       Fanout       | Count |
+--------------------+-------+
| Total control sets |     5 |
| >= 0 to < 4        |     3 |
| >= 4 to < 6        |     0 |
| >= 6 to < 8        |     0 |
| >= 8 to < 10       |     0 |
| >= 10 to < 12      |     1 |
| >= 12 to < 14      |     1 |
| >= 14 to < 16      |     0 |
| >= 16              |     0 |
+--------------------+-------+
* Control sets can be remapped at either synth_design or opt_design


3. Flip-Flop Distribution
-------------------------

+--------------+-----------------------+------------------------+-----------------+--------------+
| Clock Enable | Synchronous Set/Reset | Asynchronous Set/Reset | Total Registers | Total Slices |
+--------------+-----------------------+------------------------+-----------------+--------------+
| No           | No                    | No                     |              13 |            4 |
| No           | No                    | Yes                    |               0 |            0 |
| No           | Yes                   | No                     |              10 |            3 |
| Yes          | No                    | No                     |               0 |            0 |
| Yes          | No                    | Yes                    |               0 |            0 |
| Yes          | Yes                   | No                     |               2 |            2 |
+--------------+-----------------------+------------------------+-----------------+--------------+


4. Detailed Control Set Information
-----------------------------------

+----------------------+------------------+-------------------------+------------------+----------------+--------------+
|     Clock Signal     |   Enable Signal  |     Set/Reset Signal    | Slice Load Count | Bel Load Count | Bels / Slice |
+----------------------+------------------+-------------------------+------------------+----------------+--------------+
|  clk_inst/inst/clk40 | hs/hsync_i_2_n_0 | hs/p_0_in               |                1 |              1 |         1.00 |
|  hs/newline          |                  |                         |                1 |              1 |         1.00 |
|  hs/newline          | vs/vsync_i_2_n_0 | vs/vsync_i_1_n_0        |                1 |              1 |         1.00 |
|  hs/newline          |                  | vs/count[10]_i_1__0_n_0 |                3 |             10 |         3.33 |
|  clk_inst/inst/clk40 |                  |                         |                3 |             12 |         4.00 |
+----------------------+------------------+-------------------------+------------------+----------------+--------------+


